<?xml version="1.0" encoding="UTF-8"?>
<testng-results skipped="0" failed="0" ignored="0" total="1" passed="1">
  <reporter-output>
  </reporter-output>
  <suite name="Default suite" duration-ms="34538" started-at="2019-05-08T06:04:23Z" finished-at="2019-05-08T06:04:57Z">
    <groups>
    </groups>
    <test name="Default test" duration-ms="34538" started-at="2019-05-08T06:04:23Z" finished-at="2019-05-08T06:04:57Z">
      <class name="com.NewTours.NewTours_LogInTest">
        <test-method status="PASS" signature="setUp()[pri:0, instance:com.NewTours.NewTours_LogInTest@7403c468]" name="setUp" is-config="true" duration-ms="13202" started-at="2019-05-08T11:34:23Z" finished-at="2019-05-08T11:34:36Z">
          <reporter-output>
          </reporter-output>
        </test-method> <!-- setUp -->
        <test-method status="PASS" signature="logIn()[pri:0, instance:com.NewTours.NewTours_LogInTest@7403c468]" name="logIn" duration-ms="20520" started-at="2019-05-08T11:34:36Z" finished-at="2019-05-08T11:34:57Z">
          <reporter-output>
          </reporter-output>
        </test-method> <!-- logIn -->
        <test-method status="PASS" signature="tearDown()[pri:0, instance:com.NewTours.NewTours_LogInTest@7403c468]" name="tearDown" is-config="true" duration-ms="742" started-at="2019-05-08T11:34:57Z" finished-at="2019-05-08T11:34:57Z">
          <reporter-output>
          </reporter-output>
        </test-method> <!-- tearDown -->
      </class> <!-- com.NewTours.NewTours_LogInTest -->
    </test> <!-- Default test -->
  </suite> <!-- Default suite -->
</testng-results>
